# Nmap 7.94SVN scan initiated Fri Jan  2 01:23:04 2026 as: nmap -sC -sV -oN natas17-nmap.log natas17.natas.labs.overthewire.org
Nmap scan report for natas17.natas.labs.overthewire.org (51.21.210.216)
Host is up (0.18s latency).
rDNS record for 51.21.210.216: ec2-51-21-210-216.eu-north-1.compute.amazonaws.com
Not shown: 996 filtered tcp ports (no-response)
PORT     STATE SERVICE VERSION
22/tcp   open  ssh     OpenSSH 9.6p1 Ubuntu 3ubuntu13.14 (Ubuntu Linux; protocol 2.0)
| ssh-hostkey: 
|   256 cf:9f:ed:ce:5e:fc:24:f5:57:14:a8:01:65:b2:3c:f1 (ECDSA)
|_  256 d6:22:3d:39:3b:5c:c9:18:96:c6:8d:26:2a:91:e3:63 (ED25519)
53/tcp   open  domain  dnsmasq 2.90
| dns-nsid: 
|_  bind.version: dnsmasq-2.90
80/tcp   open  http    Apache httpd 2.4.58 ((Ubuntu))
| http-auth: 
| HTTP/1.1 401 Unauthorized\x0D
|_  Basic realm=Authentication required
|_http-title: 401 Unauthorized
|_http-server-header: Apache/2.4.58 (Ubuntu)
1111/tcp open  time    (32 bits)
Service Info: OS: Linux; CPE: cpe:/o:linux:linux_kernel

Service detection performed. Please report any incorrect results at https://nmap.org/submit/ .
# Nmap done at Fri Jan  2 01:23:53 2026 -- 1 IP address (1 host up) scanned in 49.44 seconds
